2023-03-31 16:42:31,518 - WDM - INFO - ====== WebDriver manager ======
2023-03-31 16:42:31,541 - WDM - INFO - Get LATEST chromedriver version for google-chrome 110.0.5481
2023-03-31 16:42:31,819 - WDM - INFO - Driver [/home/team/.wdm/drivers/chromedriver/linux64/110.0.5481/chromedriver] found in cache
2023-03-31 16:42:32,563 - root - INFO - ******************Test_001_Login****************
2023-03-31 16:42:32,563 - root - INFO - ******************Verifying Home Page Title****************
2023-03-31 16:42:34,204 - root - INFO - *****************Home Page title test is passed****************
2023-03-31 16:42:34,208 - WDM - INFO - ====== WebDriver manager ======
2023-03-31 16:42:34,260 - WDM - INFO - Get LATEST chromedriver version for google-chrome 110.0.5481
2023-03-31 16:42:34,436 - WDM - INFO - Driver [/home/team/.wdm/drivers/chromedriver/linux64/110.0.5481/chromedriver] found in cache
2023-03-31 16:42:35,213 - root - INFO - ****************Login Test started****************
2023-03-31 16:42:39,971 - root - INFO - ******************Login Test Passed****************
2023-04-01 18:39:15,725 - WDM - INFO - ====== WebDriver manager ======
2023-04-01 18:39:15,797 - WDM - INFO - Get LATEST chromedriver version for google-chrome 110.0.5481
2023-04-01 18:39:16,070 - WDM - INFO - About to download new driver from https://chromedriver.storage.googleapis.com/110.0.5481.77/chromedriver_linux64.zip
2023-04-01 18:39:18,233 - WDM - INFO - Driver has been saved in cache [/home/team/.wdm/drivers/chromedriver/linux64/110.0.5481]
2023-04-01 18:39:19,504 - root - INFO - ****************Test 002 DDT Login
2023-04-01 18:39:19,505 - root - INFO - ****************Login Test started****************
2023-04-01 18:39:34,263 - root - INFO - *****Passed***********
2023-04-01 18:40:47,459 - WDM - INFO - ====== WebDriver manager ======
2023-04-01 18:40:47,541 - WDM - INFO - Get LATEST chromedriver version for google-chrome 110.0.5481
2023-04-01 18:40:48,103 - WDM - INFO - Driver [/home/team/.wdm/drivers/chromedriver/linux64/110.0.5481/chromedriver] found in cache
2023-04-01 18:40:49,423 - root - INFO - ****************Test 002 DDT Login
2023-04-01 18:40:49,423 - root - INFO - ****************Login Test started****************
2023-04-01 18:41:04,927 - root - INFO - *****Passed***********
2023-04-01 18:41:59,652 - WDM - INFO - ====== WebDriver manager ======
2023-04-01 18:41:59,725 - WDM - INFO - Get LATEST chromedriver version for google-chrome 110.0.5481
2023-04-01 18:41:59,911 - WDM - INFO - Driver [/home/team/.wdm/drivers/chromedriver/linux64/110.0.5481/chromedriver] found in cache
2023-04-01 18:42:01,102 - root - INFO - ****************Test 002 DDT Login
2023-04-01 18:42:01,103 - root - INFO - ****************Login Test started****************
2023-04-01 18:42:11,400 - root - INFO - *****Passed***********
2023-04-01 18:45:04,339 - WDM - INFO - ====== WebDriver manager ======
2023-04-01 18:45:04,406 - WDM - INFO - Get LATEST chromedriver version for google-chrome 110.0.5481
2023-04-01 18:45:04,726 - WDM - INFO - Driver [/home/team/.wdm/drivers/chromedriver/linux64/110.0.5481/chromedriver] found in cache
2023-04-01 18:45:05,901 - root - INFO - ****************Test 002 DDT Login
2023-04-01 18:45:05,902 - root - INFO - ****************Login Test started****************
2023-04-01 18:45:16,318 - root - INFO - *****Passed******
2023-04-01 18:48:18,795 - WDM - INFO - ====== WebDriver manager ======
2023-04-01 18:48:18,866 - WDM - INFO - Get LATEST chromedriver version for google-chrome 110.0.5481
2023-04-01 18:48:19,061 - WDM - INFO - Driver [/home/team/.wdm/drivers/chromedriver/linux64/110.0.5481/chromedriver] found in cache
2023-04-01 18:48:20,237 - root - INFO - ****************Test 002 DDT Login
2023-04-01 18:48:20,238 - root - INFO - ****************Login Test started****************
2023-04-01 18:48:31,376 - root - INFO - *****Failed******
2023-04-01 18:49:15,169 - WDM - INFO - ====== WebDriver manager ======
2023-04-01 18:49:15,239 - WDM - INFO - Get LATEST chromedriver version for google-chrome 110.0.5481
2023-04-01 18:49:15,447 - WDM - INFO - Driver [/home/team/.wdm/drivers/chromedriver/linux64/110.0.5481/chromedriver] found in cache
2023-04-01 18:49:16,627 - root - INFO - ****************Test 002 DDT Login
2023-04-01 18:49:16,627 - root - INFO - ****************Login Test started****************
2023-04-01 18:49:26,271 - root - INFO - *****Passed******
2023-04-01 18:51:43,120 - WDM - INFO - ====== WebDriver manager ======
2023-04-01 18:51:43,189 - WDM - INFO - Get LATEST chromedriver version for google-chrome 110.0.5481
2023-04-01 18:51:43,470 - WDM - INFO - Driver [/home/team/.wdm/drivers/chromedriver/linux64/110.0.5481/chromedriver] found in cache
2023-04-01 18:51:44,652 - root - INFO - ****************Test 002 DDT Login
2023-04-01 18:51:44,653 - root - INFO - ****************Login Test started****************
2023-04-01 18:51:55,128 - root - INFO - *****Passed******
2023-04-01 18:52:22,784 - WDM - INFO - ====== WebDriver manager ======
2023-04-01 18:52:22,853 - WDM - INFO - Get LATEST chromedriver version for google-chrome 110.0.5481
2023-04-01 18:52:23,041 - WDM - INFO - Driver [/home/team/.wdm/drivers/chromedriver/linux64/110.0.5481/chromedriver] found in cache
2023-04-01 18:52:24,192 - root - INFO - ****************Test 002 DDT Login
2023-04-01 18:52:24,193 - root - INFO - ****************Login Test started****************
2023-04-01 18:52:33,244 - root - INFO - *****Passed******
2023-04-01 18:52:41,099 - root - INFO - ******Passed******
2023-04-01 18:54:30,999 - WDM - INFO - ====== WebDriver manager ======
2023-04-01 18:54:31,069 - WDM - INFO - Get LATEST chromedriver version for google-chrome 110.0.5481
2023-04-01 18:54:31,260 - WDM - INFO - Driver [/home/team/.wdm/drivers/chromedriver/linux64/110.0.5481/chromedriver] found in cache
2023-04-01 18:54:32,446 - root - INFO - ****************Test 002 DDT Login
2023-04-01 18:54:32,447 - root - INFO - ****************Login Test started****************
2023-04-01 18:54:42,742 - root - INFO - *****Passed******
2023-04-01 18:54:50,425 - root - INFO - ******Passed******
2023-04-01 18:59:03,229 - WDM - INFO - ====== WebDriver manager ======
2023-04-01 18:59:03,298 - WDM - INFO - Get LATEST chromedriver version for google-chrome 110.0.5481
2023-04-01 18:59:03,494 - WDM - INFO - Driver [/home/team/.wdm/drivers/chromedriver/linux64/110.0.5481/chromedriver] found in cache
2023-04-01 18:59:04,652 - root - INFO - ****************Test 002 DDT Login
2023-04-01 18:59:04,652 - root - INFO - ****************Login Test started****************
2023-04-01 18:59:15,063 - root - INFO - *****Passed******
2023-04-01 18:59:22,738 - root - INFO - ******Passed******
2023-04-01 18:59:28,749 - root - INFO - ******Passed******
2023-04-01 18:59:34,779 - root - INFO - ******Passed******
2023-04-01 18:59:34,781 - root - INFO - Login DDT test passed
2023-04-01 18:59:34,889 - root - INFO - *********End of login DDT*******
2023-04-01 18:59:34,890 - root - INFO - *********Completed TClogin002 DDT*******
2023-04-01 19:07:38,569 - WDM - INFO - ====== WebDriver manager ======
2023-04-01 19:07:38,636 - WDM - INFO - Get LATEST chromedriver version for google-chrome 110.0.5481
2023-04-01 19:07:38,916 - WDM - INFO - Driver [/home/team/.wdm/drivers/chromedriver/linux64/110.0.5481/chromedriver] found in cache
2023-04-01 19:07:40,101 - root - INFO - ****************Test 002 DDT Login
2023-04-01 19:07:40,102 - root - INFO - ****************Login Test started****************
2023-04-01 19:07:51,159 - root - INFO - *****Passed******
2023-04-01 19:07:59,026 - root - INFO - ******Passed******
2023-04-01 19:08:04,961 - root - INFO - ******Passed******
2023-04-01 19:08:10,957 - root - INFO - ******Passed******
2023-04-01 19:08:10,957 - root - INFO - Login DDT test passed
2023-04-01 19:08:11,064 - root - INFO - *********End of login DDT*******
2023-04-01 19:08:11,065 - root - INFO - *********Completed TClogin002 DDT*******
2023-04-01 19:08:55,066 - WDM - INFO - ====== WebDriver manager ======
2023-04-01 19:08:55,129 - WDM - INFO - Get LATEST chromedriver version for google-chrome 110.0.5481
2023-04-01 19:08:55,350 - WDM - INFO - Driver [/home/team/.wdm/drivers/chromedriver/linux64/110.0.5481/chromedriver] found in cache
2023-04-01 19:08:56,497 - root - INFO - ******************Test_001_Login****************
2023-04-01 19:08:56,498 - root - INFO - ******************Verifying Home Page Title****************
2023-04-01 19:08:58,311 - root - INFO - *****************Home Page title test is passed****************
2023-04-01 19:08:58,316 - WDM - INFO - ====== WebDriver manager ======
2023-04-01 19:08:58,385 - WDM - INFO - Get LATEST chromedriver version for google-chrome 110.0.5481
2023-04-01 19:08:58,570 - WDM - INFO - Driver [/home/team/.wdm/drivers/chromedriver/linux64/110.0.5481/chromedriver] found in cache
2023-04-01 19:08:59,741 - root - INFO - ****************Login Test started****************
2023-04-01 19:10:24,904 - WDM - INFO - ====== WebDriver manager ======
2023-04-01 19:10:24,970 - WDM - INFO - Get LATEST chromedriver version for google-chrome 110.0.5481
2023-04-01 19:10:25,171 - WDM - INFO - Driver [/home/team/.wdm/drivers/chromedriver/linux64/110.0.5481/chromedriver] found in cache
2023-04-01 19:10:26,358 - root - INFO - ******************Test_001_Login****************
2023-04-01 19:10:26,358 - root - INFO - ******************Verifying Home Page Title****************
2023-04-01 19:10:28,206 - root - INFO - *****************Home Page title test is passed****************
2023-04-01 19:10:28,209 - WDM - INFO - ====== WebDriver manager ======
2023-04-01 19:10:28,278 - WDM - INFO - Get LATEST chromedriver version for google-chrome 110.0.5481
2023-04-01 19:10:28,452 - WDM - INFO - Driver [/home/team/.wdm/drivers/chromedriver/linux64/110.0.5481/chromedriver] found in cache
2023-04-01 19:10:29,636 - root - INFO - ****************Login Test started****************
2023-04-01 19:10:36,391 - root - INFO - ******************Login Test Passed****************
2023-04-01 19:12:00,908 - WDM - INFO - ====== WebDriver manager ======
2023-04-01 19:12:00,974 - WDM - INFO - Get LATEST chromedriver version for google-chrome 110.0.5481
2023-04-01 19:12:01,169 - WDM - INFO - Driver [/home/team/.wdm/drivers/chromedriver/linux64/110.0.5481/chromedriver] found in cache
2023-04-01 19:12:02,339 - root - INFO - ****************Test 002 DDT Login
2023-04-01 19:12:02,339 - root - INFO - ****************Login Test started****************
2023-04-01 19:12:12,844 - root - INFO - *****Passed******
2023-04-01 19:12:20,610 - root - INFO - ******Passed******
2023-04-01 19:12:26,537 - root - INFO - ******Passed******
2023-04-01 19:12:32,516 - root - INFO - ******Passed******
2023-04-01 19:12:32,516 - root - INFO - Login DDT test passed
2023-04-01 19:12:32,627 - root - INFO - *********End of login DDT*******
2023-04-01 19:12:32,628 - root - INFO - *********Completed TClogin002 DDT*******
2023-04-03 12:22:46,671 - WDM - INFO - ====== WebDriver manager ======
2023-04-03 12:22:46,697 - WDM - INFO - Get LATEST chromedriver version for google-chrome 110.0.5481
2023-04-03 12:22:46,950 - WDM - INFO - About to download new driver from https://chromedriver.storage.googleapis.com/110.0.5481.77/chromedriver_linux64.zip
2023-04-03 12:22:48,557 - WDM - INFO - Driver has been saved in cache [/home/team/.wdm/drivers/chromedriver/linux64/110.0.5481]
2023-04-03 12:22:49,342 - root - INFO - *******Test_003_Add_Customer********
2023-04-03 12:25:18,598 - WDM - INFO - ====== WebDriver manager ======
2023-04-03 12:25:18,622 - WDM - INFO - Get LATEST chromedriver version for google-chrome 110.0.5481
2023-04-03 12:25:18,767 - WDM - INFO - Driver [/home/team/.wdm/drivers/chromedriver/linux64/110.0.5481/chromedriver] found in cache
2023-04-03 12:25:19,531 - root - INFO - *******Test_003_Add_Customer********
2023-04-03 12:25:25,366 - root - INFO - ********Login Successful**********
2023-04-03 12:25:25,366 - root - INFO - ********Starting Add Customer Test*********
2023-04-03 12:27:05,614 - WDM - INFO - ====== WebDriver manager ======
2023-04-03 12:27:05,640 - WDM - INFO - Get LATEST chromedriver version for google-chrome 110.0.5481
2023-04-03 12:27:05,789 - WDM - INFO - Driver [/home/team/.wdm/drivers/chromedriver/linux64/110.0.5481/chromedriver] found in cache
2023-04-03 12:27:06,552 - root - INFO - *******Test_003_Add_Customer********
2023-04-03 12:27:10,653 - root - INFO - ********Login Successful**********
2023-04-03 12:27:10,653 - root - INFO - ********Starting Add Customer Test*********
2023-04-03 12:29:48,081 - WDM - INFO - ====== WebDriver manager ======
2023-04-03 12:29:48,105 - WDM - INFO - Get LATEST chromedriver version for google-chrome 110.0.5481
2023-04-03 12:29:48,391 - WDM - INFO - Driver [/home/team/.wdm/drivers/chromedriver/linux64/110.0.5481/chromedriver] found in cache
2023-04-03 12:29:49,150 - root - INFO - *******Test_003_Add_Customer********
2023-04-03 12:29:54,227 - root - INFO - ********Login Successful**********
2023-04-03 12:29:54,227 - root - INFO - ********Starting Add Customer Test*********
2023-04-03 12:39:34,778 - WDM - INFO - ====== WebDriver manager ======
2023-04-03 12:39:34,804 - WDM - INFO - Get LATEST chromedriver version for google-chrome 110.0.5481
2023-04-03 12:39:35,076 - WDM - INFO - Driver [/home/team/.wdm/drivers/chromedriver/linux64/110.0.5481/chromedriver] found in cache
2023-04-03 12:39:35,832 - root - INFO - *******Test_003_Add_Customer********
2023-04-03 12:39:40,781 - root - INFO - ********Login Successful**********
2023-04-03 12:39:40,781 - root - INFO - ********Starting Add Customer Test*********
2023-04-03 12:43:38,137 - WDM - INFO - ====== WebDriver manager ======
2023-04-03 12:43:38,163 - WDM - INFO - Get LATEST chromedriver version for google-chrome 110.0.5481
2023-04-03 12:43:38,375 - WDM - INFO - Driver [/home/team/.wdm/drivers/chromedriver/linux64/110.0.5481/chromedriver] found in cache
2023-04-03 12:43:39,126 - root - INFO - *******Test_003_Add_Customer********
2023-04-03 12:43:44,517 - root - INFO - ********Login Successful**********
2023-04-03 12:43:44,517 - root - INFO - ********Starting Add Customer Test*********
2023-04-03 12:44:23,526 - WDM - INFO - ====== WebDriver manager ======
2023-04-03 12:44:23,550 - WDM - INFO - Get LATEST chromedriver version for google-chrome 110.0.5481
2023-04-03 12:44:23,706 - WDM - INFO - Driver [/home/team/.wdm/drivers/chromedriver/linux64/110.0.5481/chromedriver] found in cache
2023-04-03 12:44:24,478 - root - INFO - *******Test_003_Add_Customer********
2023-04-03 12:44:30,162 - root - INFO - ********Login Successful**********
2023-04-03 12:44:30,162 - root - INFO - ********Starting Add Customer Test*********
2023-04-03 12:51:00,932 - WDM - INFO - ====== WebDriver manager ======
2023-04-03 12:51:00,956 - WDM - INFO - Get LATEST chromedriver version for google-chrome 110.0.5481
2023-04-03 12:51:01,186 - WDM - INFO - Driver [/home/team/.wdm/drivers/chromedriver/linux64/110.0.5481/chromedriver] found in cache
2023-04-03 12:51:01,934 - root - INFO - *******Test_003_Add_Customer********
2023-04-03 12:51:07,746 - root - INFO - ********Login Successful**********
2023-04-03 12:51:07,748 - root - INFO - ********Starting Add Customer Test*********
2023-04-03 12:51:10,129 - root - INFO - *********Providing Customer Info*********
2023-04-03 12:58:14,597 - WDM - INFO - ====== WebDriver manager ======
2023-04-03 12:58:14,623 - WDM - INFO - Get LATEST chromedriver version for google-chrome 110.0.5481
2023-04-03 12:58:14,900 - WDM - INFO - Driver [/home/team/.wdm/drivers/chromedriver/linux64/110.0.5481/chromedriver] found in cache
2023-04-03 12:58:15,653 - root - INFO - *******Test_003_Add_Customer********
2023-04-03 12:58:21,595 - root - INFO - ********Login Successful**********
2023-04-03 12:58:21,595 - root - INFO - ********Starting Add Customer Test*********
2023-04-03 12:58:23,709 - root - INFO - *********Providing Customer Info*********
2023-04-03 13:01:33,088 - WDM - INFO - ====== WebDriver manager ======
2023-04-03 13:01:33,114 - WDM - INFO - Get LATEST chromedriver version for google-chrome 110.0.5481
2023-04-03 13:01:33,268 - WDM - INFO - Driver [/home/team/.wdm/drivers/chromedriver/linux64/110.0.5481/chromedriver] found in cache
2023-04-03 13:01:34,023 - root - INFO - *******Test_003_Add_Customer********
2023-04-03 13:01:38,307 - root - INFO - ********Login Successful**********
2023-04-03 13:01:38,308 - root - INFO - ********Starting Add Customer Test*********
2023-04-03 13:01:40,548 - root - INFO - *********Providing Customer Info*********
2023-04-03 13:05:02,666 - WDM - INFO - ====== WebDriver manager ======
2023-04-03 13:05:02,694 - WDM - INFO - Get LATEST chromedriver version for google-chrome 110.0.5481
2023-04-03 13:05:02,929 - WDM - INFO - Driver [/home/team/.wdm/drivers/chromedriver/linux64/110.0.5481/chromedriver] found in cache
2023-04-03 13:05:03,715 - root - INFO - *******Test_003_Add_Customer********
2023-04-03 13:05:09,453 - root - INFO - ********Login Successful**********
2023-04-03 13:05:09,453 - root - INFO - ********Starting Add Customer Test*********
2023-04-03 13:05:11,778 - root - INFO - *********Providing Customer Info*********
2023-04-03 13:06:16,810 - WDM - INFO - ====== WebDriver manager ======
2023-04-03 13:06:16,836 - WDM - INFO - Get LATEST chromedriver version for google-chrome 110.0.5481
2023-04-03 13:06:16,998 - WDM - INFO - Driver [/home/team/.wdm/drivers/chromedriver/linux64/110.0.5481/chromedriver] found in cache
2023-04-03 13:06:17,733 - root - INFO - *******Test_003_Add_Customer********
2023-04-03 13:06:21,911 - root - INFO - ********Login Successful**********
2023-04-03 13:06:21,911 - root - INFO - ********Starting Add Customer Test*********
2023-04-03 13:06:24,367 - root - INFO - *********Providing Customer Info*********
2023-04-03 13:06:25,832 - root - INFO - *******Saving Customer Info********
2023-04-03 13:06:25,833 - root - INFO - *******Add Customer Validation Started********
2023-04-03 13:06:25,921 - root - ERROR - *********Add Customer Failed**********
2023-04-03 13:06:59,151 - WDM - INFO - ====== WebDriver manager ======
2023-04-03 13:06:59,175 - WDM - INFO - Get LATEST chromedriver version for google-chrome 110.0.5481
2023-04-03 13:06:59,368 - WDM - INFO - Driver [/home/team/.wdm/drivers/chromedriver/linux64/110.0.5481/chromedriver] found in cache
2023-04-03 13:07:00,110 - root - INFO - *******Test_003_Add_Customer********
2023-04-03 13:07:04,459 - root - INFO - ********Login Successful**********
2023-04-03 13:07:04,459 - root - INFO - ********Starting Add Customer Test*********
2023-04-03 13:07:06,797 - root - INFO - *********Providing Customer Info*********
2023-04-03 13:07:08,214 - root - INFO - *******Saving Customer Info********
2023-04-03 13:07:08,214 - root - INFO - *******Add Customer Validation Started********
2023-04-03 13:07:08,304 - root - ERROR - *********Add Customer Failed**********
2023-04-03 13:07:25,329 - WDM - INFO - ====== WebDriver manager ======
2023-04-03 13:07:25,354 - WDM - INFO - Get LATEST chromedriver version for google-chrome 110.0.5481
2023-04-03 13:07:25,583 - WDM - INFO - Driver [/home/team/.wdm/drivers/chromedriver/linux64/110.0.5481/chromedriver] found in cache
2023-04-03 13:07:26,320 - root - INFO - *******Test_003_Add_Customer********
2023-04-03 13:07:30,595 - root - INFO - ********Login Successful**********
2023-04-03 13:07:30,596 - root - INFO - ********Starting Add Customer Test*********
2023-04-03 13:07:32,810 - root - INFO - *********Providing Customer Info*********
2023-04-03 13:07:34,224 - root - INFO - *******Saving Customer Info********
2023-04-03 13:07:34,224 - root - INFO - *******Add Customer Validation Started********
2023-04-03 13:07:34,309 - root - ERROR - *********Add Customer Failed**********
2023-04-03 13:08:43,115 - WDM - INFO - ====== WebDriver manager ======
2023-04-03 13:08:43,141 - WDM - INFO - Get LATEST chromedriver version for google-chrome 110.0.5481
2023-04-03 13:08:43,403 - WDM - INFO - Driver [/home/team/.wdm/drivers/chromedriver/linux64/110.0.5481/chromedriver] found in cache
2023-04-03 13:08:44,171 - root - INFO - *******Test_003_Add_Customer********
2023-04-03 13:08:48,614 - root - INFO - ********Login Successful**********
2023-04-03 13:08:48,614 - root - INFO - ********Starting Add Customer Test*********
2023-04-03 13:08:50,885 - root - INFO - *********Providing Customer Info*********
2023-04-03 13:08:52,268 - root - INFO - *******Saving Customer Info********
2023-04-03 13:08:52,269 - root - INFO - *******Add Customer Validation Started********
2023-04-03 13:08:52,345 - root - ERROR - *********Add Customer Failed**********
2023-04-03 13:15:28,068 - WDM - INFO - ====== WebDriver manager ======
2023-04-03 13:15:28,093 - WDM - INFO - Get LATEST chromedriver version for google-chrome 110.0.5481
2023-04-03 13:15:28,342 - WDM - INFO - Driver [/home/team/.wdm/drivers/chromedriver/linux64/110.0.5481/chromedriver] found in cache
2023-04-03 13:15:29,076 - root - INFO - *******Test_003_Add_Customer********
2023-04-03 13:15:37,070 - root - INFO - ********Login Successful**********
2023-04-03 13:15:37,071 - root - INFO - ********Starting Add Customer Test*********
2023-04-03 13:15:39,356 - root - INFO - *********Providing Customer Info*********
2023-04-03 13:15:40,680 - root - INFO - *******Saving Customer Info********
2023-04-03 13:15:40,680 - root - INFO - *******Add Customer Validation Started********
2023-04-03 13:15:40,763 - root - ERROR - *********Add Customer Failed**********
2023-04-03 13:17:13,156 - WDM - INFO - ====== WebDriver manager ======
2023-04-03 13:17:13,185 - WDM - INFO - Get LATEST chromedriver version for google-chrome 110.0.5481
2023-04-03 13:17:13,418 - WDM - INFO - Driver [/home/team/.wdm/drivers/chromedriver/linux64/110.0.5481/chromedriver] found in cache
2023-04-03 13:17:14,180 - root - INFO - *******Test_003_Add_Customer********
2023-04-03 13:17:19,243 - root - INFO - ********Login Successful**********
2023-04-03 13:17:19,243 - root - INFO - ********Starting Add Customer Test*********
2023-04-03 13:17:22,162 - root - INFO - *********Providing Customer Info*********
2023-04-03 13:17:23,818 - root - INFO - *******Saving Customer Info********
2023-04-03 13:17:23,820 - root - INFO - *******Add Customer Validation Started********
2023-04-03 13:17:23,905 - root - INFO - ******Add Customer Passed******
2023-04-03 13:17:24,010 - root - INFO - *******Ending Test_003_Add_Customer Test*********
2023-04-03 14:00:36,167 - WDM - INFO - ====== WebDriver manager ======
2023-04-03 14:00:36,192 - WDM - INFO - Get LATEST chromedriver version for google-chrome 110.0.5481
2023-04-03 14:00:36,465 - WDM - INFO - Driver [/home/team/.wdm/drivers/chromedriver/linux64/110.0.5481/chromedriver] found in cache
2023-04-03 14:00:37,214 - root - INFO - *******Test_003_Add_Customer********
2023-04-03 14:00:41,517 - root - INFO - ********Login Successful**********
2023-04-03 14:00:41,518 - root - INFO - ********Starting Add Customer Test*********
2023-04-03 14:00:43,721 - root - INFO - *********Providing Customer Info*********
2023-04-03 14:00:45,317 - root - INFO - *******Saving Customer Info********
2023-04-03 14:00:45,317 - root - INFO - *******Add Customer Validation Started********
2023-04-03 14:00:45,400 - root - INFO - ******Add Customer Passed******
2023-04-03 14:00:45,505 - root - INFO - *******Ending Test_003_Add_Customer Test*********
2023-04-03 14:06:45,245 - WDM - INFO - ====== WebDriver manager ======
2023-04-03 14:06:45,270 - WDM - INFO - Get LATEST chromedriver version for google-chrome 110.0.5481
2023-04-03 14:06:45,513 - WDM - INFO - Driver [/home/team/.wdm/drivers/chromedriver/linux64/110.0.5481/chromedriver] found in cache
2023-04-03 14:06:46,268 - root - INFO - *******Test_003_Add_Customer********
2023-04-03 14:06:50,417 - root - INFO - ********Login Successful**********
2023-04-03 14:06:50,417 - root - INFO - ********Starting Add Customer Test*********
2023-04-03 14:06:52,765 - root - INFO - *********Providing Customer Info*********
2023-04-03 14:06:54,436 - root - INFO - *******Saving Customer Info********
2023-04-03 14:06:54,436 - root - INFO - *******Add Customer Validation Started********
2023-04-03 14:06:54,522 - root - INFO - ******Add Customer Passed******
2023-04-03 14:06:54,625 - root - INFO - *******Ending Test_003_Add_Customer Test*********
2023-04-03 14:07:05,453 - WDM - INFO - ====== WebDriver manager ======
2023-04-03 14:07:05,477 - WDM - INFO - Get LATEST chromedriver version for google-chrome 110.0.5481
2023-04-03 14:07:05,627 - WDM - INFO - Driver [/home/team/.wdm/drivers/chromedriver/linux64/110.0.5481/chromedriver] found in cache
2023-04-03 14:07:06,367 - root - INFO - *******Test_003_Add_Customer********
2023-04-03 14:07:18,102 - root - INFO - ********Login Successful**********
2023-04-03 14:07:18,102 - root - INFO - ********Starting Add Customer Test*********
2023-04-03 14:07:20,544 - root - INFO - *********Providing Customer Info*********
2023-04-03 14:07:22,183 - root - INFO - *******Saving Customer Info********
2023-04-03 14:07:22,184 - root - INFO - *******Add Customer Validation Started********
2023-04-03 14:07:22,260 - root - INFO - ******Add Customer Passed******
2023-04-03 14:07:22,365 - root - INFO - *******Ending Test_003_Add_Customer Test*********
2023-04-03 15:07:27,021 - WDM - INFO - ====== WebDriver manager ======
2023-04-03 15:07:27,045 - WDM - INFO - Get LATEST chromedriver version for google-chrome 110.0.5481
2023-04-03 15:07:27,321 - WDM - INFO - Driver [/home/team/.wdm/drivers/chromedriver/linux64/110.0.5481/chromedriver] found in cache
2023-04-03 15:07:28,074 - root - INFO - **********SearchCustomerByEmail**********
2023-04-03 15:07:32,300 - root - INFO - **********Login Successful**********
2023-04-03 15:07:32,301 - root - INFO - **********Starting search customer by email**********
2023-04-03 15:07:33,505 - root - INFO - **********Seachig customer By Email Id**********
2023-04-03 15:08:38,391 - WDM - INFO - ====== WebDriver manager ======
2023-04-03 15:08:38,416 - WDM - INFO - Get LATEST chromedriver version for google-chrome 110.0.5481
2023-04-03 15:08:38,568 - WDM - INFO - Driver [/home/team/.wdm/drivers/chromedriver/linux64/110.0.5481/chromedriver] found in cache
2023-04-03 15:08:39,317 - root - INFO - **********SearchCustomerByEmail**********
2023-04-03 15:08:45,131 - root - INFO - **********Login Successful**********
2023-04-03 15:08:45,131 - root - INFO - **********Starting search customer by email**********
2023-04-03 15:08:46,317 - root - INFO - **********Seachig customer By Email Id**********
2023-04-03 15:08:51,490 - root - INFO - **********Test 004 SearchCustomer By Email Completed**********
2023-04-03 15:09:17,419 - WDM - INFO - ====== WebDriver manager ======
2023-04-03 15:09:17,444 - WDM - INFO - Get LATEST chromedriver version for google-chrome 110.0.5481
2023-04-03 15:09:17,598 - WDM - INFO - Driver [/home/team/.wdm/drivers/chromedriver/linux64/110.0.5481/chromedriver] found in cache
2023-04-03 15:09:18,340 - root - INFO - **********SearchCustomerByEmail**********
2023-04-03 15:09:22,962 - root - INFO - **********Login Successful**********
2023-04-03 15:09:22,962 - root - INFO - **********Starting search customer by email**********
2023-04-03 15:09:24,198 - root - INFO - **********Seachig customer By Email Id**********
2023-04-03 15:09:29,486 - root - INFO - **********Test 004 SearchCustomer By Email Completed**********
2023-04-03 16:00:37,761 - WDM - INFO - ====== WebDriver manager ======
2023-04-03 16:00:37,761 - WDM - INFO - ====== WebDriver manager ======
2023-04-03 16:00:37,761 - WDM - INFO - ====== WebDriver manager ======
2023-04-03 16:00:37,761 - WDM - INFO - ====== WebDriver manager ======
2023-04-03 16:00:37,786 - WDM - INFO - Get LATEST chromedriver version for google-chrome 110.0.5481
2023-04-03 16:00:37,786 - WDM - INFO - Get LATEST chromedriver version for google-chrome 110.0.5481
2023-04-03 16:00:37,786 - WDM - INFO - Get LATEST chromedriver version for google-chrome 110.0.5481
2023-04-03 16:00:37,786 - WDM - INFO - Get LATEST chromedriver version for google-chrome 110.0.5481
2023-04-03 16:00:38,082 - WDM - INFO - Driver [/home/team/.wdm/drivers/chromedriver/linux64/110.0.5481/chromedriver] found in cache
2023-04-03 16:00:38,082 - WDM - INFO - Driver [/home/team/.wdm/drivers/chromedriver/linux64/110.0.5481/chromedriver] found in cache
2023-04-03 16:00:38,082 - WDM - INFO - Driver [/home/team/.wdm/drivers/chromedriver/linux64/110.0.5481/chromedriver] found in cache
2023-04-03 16:00:38,082 - WDM - INFO - Driver [/home/team/.wdm/drivers/chromedriver/linux64/110.0.5481/chromedriver] found in cache
2023-04-03 16:00:38,839 - root - INFO - *******Test_003_Add_Customer********
2023-04-03 16:00:38,839 - root - INFO - *******Test_003_Add_Customer********
2023-04-03 16:00:38,839 - root - INFO - *******Test_003_Add_Customer********
2023-04-03 16:00:38,839 - root - INFO - *******Test_003_Add_Customer********
2023-04-03 16:00:44,646 - root - INFO - ********Login Successful**********
2023-04-03 16:00:44,646 - root - INFO - ********Login Successful**********
2023-04-03 16:00:44,646 - root - INFO - ********Login Successful**********
2023-04-03 16:00:44,646 - root - INFO - ********Login Successful**********
2023-04-03 16:00:44,646 - root - INFO - ********Starting Add Customer Test*********
2023-04-03 16:00:44,646 - root - INFO - ********Starting Add Customer Test*********
2023-04-03 16:00:44,646 - root - INFO - ********Starting Add Customer Test*********
2023-04-03 16:00:44,646 - root - INFO - ********Starting Add Customer Test*********
2023-04-03 16:00:46,888 - root - INFO - *********Providing Customer Info*********
2023-04-03 16:00:46,888 - root - INFO - *********Providing Customer Info*********
2023-04-03 16:00:46,888 - root - INFO - *********Providing Customer Info*********
2023-04-03 16:00:46,888 - root - INFO - *********Providing Customer Info*********
2023-04-03 16:00:48,514 - root - INFO - *******Saving Customer Info********
2023-04-03 16:00:48,514 - root - INFO - *******Saving Customer Info********
2023-04-03 16:00:48,514 - root - INFO - *******Saving Customer Info********
2023-04-03 16:00:48,514 - root - INFO - *******Saving Customer Info********
2023-04-03 16:00:48,514 - root - INFO - *******Add Customer Validation Started********
2023-04-03 16:00:48,514 - root - INFO - *******Add Customer Validation Started********
2023-04-03 16:00:48,514 - root - INFO - *******Add Customer Validation Started********
2023-04-03 16:00:48,514 - root - INFO - *******Add Customer Validation Started********
2023-04-03 16:00:48,619 - root - INFO - ******Add Customer Passed******
2023-04-03 16:00:48,619 - root - INFO - ******Add Customer Passed******
2023-04-03 16:00:48,619 - root - INFO - ******Add Customer Passed******
2023-04-03 16:00:48,619 - root - INFO - ******Add Customer Passed******
2023-04-03 16:00:48,725 - root - INFO - *******Ending Test_003_Add_Customer Test*********
2023-04-03 16:00:48,725 - root - INFO - *******Ending Test_003_Add_Customer Test*********
2023-04-03 16:00:48,725 - root - INFO - *******Ending Test_003_Add_Customer Test*********
2023-04-03 16:00:48,725 - root - INFO - *******Ending Test_003_Add_Customer Test*********
2023-04-03 16:00:48,729 - WDM - INFO - ====== WebDriver manager ======
2023-04-03 16:00:48,729 - WDM - INFO - ====== WebDriver manager ======
2023-04-03 16:00:48,729 - WDM - INFO - ====== WebDriver manager ======
2023-04-03 16:00:48,729 - WDM - INFO - ====== WebDriver manager ======
2023-04-03 16:00:48,763 - WDM - INFO - Get LATEST chromedriver version for google-chrome 110.0.5481
2023-04-03 16:00:48,763 - WDM - INFO - Get LATEST chromedriver version for google-chrome 110.0.5481
2023-04-03 16:00:48,763 - WDM - INFO - Get LATEST chromedriver version for google-chrome 110.0.5481
2023-04-03 16:00:48,763 - WDM - INFO - Get LATEST chromedriver version for google-chrome 110.0.5481
2023-04-03 16:00:48,898 - WDM - INFO - Driver [/home/team/.wdm/drivers/chromedriver/linux64/110.0.5481/chromedriver] found in cache
2023-04-03 16:00:48,898 - WDM - INFO - Driver [/home/team/.wdm/drivers/chromedriver/linux64/110.0.5481/chromedriver] found in cache
2023-04-03 16:00:48,898 - WDM - INFO - Driver [/home/team/.wdm/drivers/chromedriver/linux64/110.0.5481/chromedriver] found in cache
2023-04-03 16:00:48,898 - WDM - INFO - Driver [/home/team/.wdm/drivers/chromedriver/linux64/110.0.5481/chromedriver] found in cache
2023-04-03 16:00:49,646 - root - INFO - ****************Login Test started****************
2023-04-03 16:00:49,646 - root - INFO - ****************Login Test started****************
2023-04-03 16:00:49,646 - root - INFO - ****************Login Test started****************
2023-04-03 16:00:49,646 - root - INFO - ****************Login Test started****************
2023-04-03 16:00:54,217 - root - INFO - ******************Login Test Passed****************
2023-04-03 16:00:54,217 - root - INFO - ******************Login Test Passed****************
2023-04-03 16:00:54,217 - root - INFO - ******************Login Test Passed****************
2023-04-03 16:00:54,217 - root - INFO - ******************Login Test Passed****************
2023-04-03 16:13:19,649 - WDM - INFO - ====== WebDriver manager ======
2023-04-03 16:13:19,649 - WDM - INFO - ====== WebDriver manager ======
2023-04-03 16:13:19,649 - WDM - INFO - ====== WebDriver manager ======
2023-04-03 16:13:19,649 - WDM - INFO - ====== WebDriver manager ======
2023-04-03 16:13:19,672 - WDM - INFO - Get LATEST chromedriver version for google-chrome 110.0.5481
2023-04-03 16:13:19,672 - WDM - INFO - Get LATEST chromedriver version for google-chrome 110.0.5481
2023-04-03 16:13:19,672 - WDM - INFO - Get LATEST chromedriver version for google-chrome 110.0.5481
2023-04-03 16:13:19,672 - WDM - INFO - Get LATEST chromedriver version for google-chrome 110.0.5481
2023-04-03 16:13:19,956 - WDM - INFO - Driver [/home/team/.wdm/drivers/chromedriver/linux64/110.0.5481/chromedriver] found in cache
2023-04-03 16:13:19,956 - WDM - INFO - Driver [/home/team/.wdm/drivers/chromedriver/linux64/110.0.5481/chromedriver] found in cache
2023-04-03 16:13:19,956 - WDM - INFO - Driver [/home/team/.wdm/drivers/chromedriver/linux64/110.0.5481/chromedriver] found in cache
2023-04-03 16:13:19,956 - WDM - INFO - Driver [/home/team/.wdm/drivers/chromedriver/linux64/110.0.5481/chromedriver] found in cache
2023-04-03 16:13:20,700 - root - INFO - *******Test_003_Add_Customer********
2023-04-03 16:13:20,700 - root - INFO - *******Test_003_Add_Customer********
2023-04-03 16:13:20,700 - root - INFO - *******Test_003_Add_Customer********
2023-04-03 16:13:20,700 - root - INFO - *******Test_003_Add_Customer********
2023-04-03 16:13:26,597 - root - INFO - ********Login Successful**********
2023-04-03 16:13:26,597 - root - INFO - ********Login Successful**********
2023-04-03 16:13:26,597 - root - INFO - ********Login Successful**********
2023-04-03 16:13:26,597 - root - INFO - ********Login Successful**********
2023-04-03 16:13:26,597 - root - INFO - ********Starting Add Customer Test*********
2023-04-03 16:13:26,597 - root - INFO - ********Starting Add Customer Test*********
2023-04-03 16:13:26,597 - root - INFO - ********Starting Add Customer Test*********
2023-04-03 16:13:26,597 - root - INFO - ********Starting Add Customer Test*********
2023-04-03 16:13:28,870 - root - INFO - *********Providing Customer Info*********
2023-04-03 16:13:28,870 - root - INFO - *********Providing Customer Info*********
2023-04-03 16:13:28,870 - root - INFO - *********Providing Customer Info*********
2023-04-03 16:13:28,870 - root - INFO - *********Providing Customer Info*********
2023-04-03 16:13:30,662 - root - INFO - *******Saving Customer Info********
2023-04-03 16:13:30,662 - root - INFO - *******Saving Customer Info********
2023-04-03 16:13:30,662 - root - INFO - *******Saving Customer Info********
2023-04-03 16:13:30,662 - root - INFO - *******Saving Customer Info********
2023-04-03 16:13:30,662 - root - INFO - *******Add Customer Validation Started********
2023-04-03 16:13:30,662 - root - INFO - *******Add Customer Validation Started********
2023-04-03 16:13:30,662 - root - INFO - *******Add Customer Validation Started********
2023-04-03 16:13:30,662 - root - INFO - *******Add Customer Validation Started********
2023-04-03 16:13:30,755 - root - INFO - ******Add Customer Passed******
2023-04-03 16:13:30,755 - root - INFO - ******Add Customer Passed******
2023-04-03 16:13:30,755 - root - INFO - ******Add Customer Passed******
2023-04-03 16:13:30,755 - root - INFO - ******Add Customer Passed******
2023-04-03 16:13:30,858 - root - INFO - *******Ending Test_003_Add_Customer Test*********
2023-04-03 16:13:30,858 - root - INFO - *******Ending Test_003_Add_Customer Test*********
2023-04-03 16:13:30,858 - root - INFO - *******Ending Test_003_Add_Customer Test*********
2023-04-03 16:13:30,858 - root - INFO - *******Ending Test_003_Add_Customer Test*********
2023-04-03 16:13:30,861 - WDM - INFO - ====== WebDriver manager ======
2023-04-03 16:13:30,861 - WDM - INFO - ====== WebDriver manager ======
2023-04-03 16:13:30,861 - WDM - INFO - ====== WebDriver manager ======
2023-04-03 16:13:30,861 - WDM - INFO - ====== WebDriver manager ======
2023-04-03 16:13:30,902 - WDM - INFO - Get LATEST chromedriver version for google-chrome 110.0.5481
2023-04-03 16:13:30,902 - WDM - INFO - Get LATEST chromedriver version for google-chrome 110.0.5481
2023-04-03 16:13:30,902 - WDM - INFO - Get LATEST chromedriver version for google-chrome 110.0.5481
2023-04-03 16:13:30,902 - WDM - INFO - Get LATEST chromedriver version for google-chrome 110.0.5481
2023-04-03 16:13:31,112 - WDM - INFO - Driver [/home/team/.wdm/drivers/chromedriver/linux64/110.0.5481/chromedriver] found in cache
2023-04-03 16:13:31,112 - WDM - INFO - Driver [/home/team/.wdm/drivers/chromedriver/linux64/110.0.5481/chromedriver] found in cache
2023-04-03 16:13:31,112 - WDM - INFO - Driver [/home/team/.wdm/drivers/chromedriver/linux64/110.0.5481/chromedriver] found in cache
2023-04-03 16:13:31,112 - WDM - INFO - Driver [/home/team/.wdm/drivers/chromedriver/linux64/110.0.5481/chromedriver] found in cache
2023-04-03 16:13:31,920 - root - INFO - ****************Login Test started****************
2023-04-03 16:13:31,920 - root - INFO - ****************Login Test started****************
2023-04-03 16:13:31,920 - root - INFO - ****************Login Test started****************
2023-04-03 16:13:31,920 - root - INFO - ****************Login Test started****************
2023-04-03 16:13:36,289 - root - INFO - ******************Login Test Passed****************
2023-04-03 16:13:36,289 - root - INFO - ******************Login Test Passed****************
2023-04-03 16:13:36,289 - root - INFO - ******************Login Test Passed****************
2023-04-03 16:13:36,289 - root - INFO - ******************Login Test Passed****************
2023-04-03 16:14:26,533 - WDM - INFO - ====== WebDriver manager ======
2023-04-03 16:14:26,533 - WDM - INFO - ====== WebDriver manager ======
2023-04-03 16:14:26,533 - WDM - INFO - ====== WebDriver manager ======
2023-04-03 16:14:26,533 - WDM - INFO - ====== WebDriver manager ======
2023-04-03 16:14:26,558 - WDM - INFO - Get LATEST chromedriver version for google-chrome 110.0.5481
2023-04-03 16:14:26,558 - WDM - INFO - Get LATEST chromedriver version for google-chrome 110.0.5481
2023-04-03 16:14:26,558 - WDM - INFO - Get LATEST chromedriver version for google-chrome 110.0.5481
2023-04-03 16:14:26,558 - WDM - INFO - Get LATEST chromedriver version for google-chrome 110.0.5481
2023-04-03 16:14:26,722 - WDM - INFO - Driver [/home/team/.wdm/drivers/chromedriver/linux64/110.0.5481/chromedriver] found in cache
2023-04-03 16:14:26,722 - WDM - INFO - Driver [/home/team/.wdm/drivers/chromedriver/linux64/110.0.5481/chromedriver] found in cache
2023-04-03 16:14:26,722 - WDM - INFO - Driver [/home/team/.wdm/drivers/chromedriver/linux64/110.0.5481/chromedriver] found in cache
2023-04-03 16:14:26,722 - WDM - INFO - Driver [/home/team/.wdm/drivers/chromedriver/linux64/110.0.5481/chromedriver] found in cache
2023-04-03 16:14:27,487 - root - INFO - ****************Login Test started****************
2023-04-03 16:14:27,487 - root - INFO - ****************Login Test started****************
2023-04-03 16:14:27,487 - root - INFO - ****************Login Test started****************
2023-04-03 16:14:27,487 - root - INFO - ****************Login Test started****************
2023-04-03 16:14:32,799 - root - INFO - ******************Login Test Passed****************
2023-04-03 16:14:32,799 - root - INFO - ******************Login Test Passed****************
2023-04-03 16:14:32,799 - root - INFO - ******************Login Test Passed****************
2023-04-03 16:14:32,799 - root - INFO - ******************Login Test Passed****************
2023-04-03 16:15:01,702 - WDM - INFO - ====== WebDriver manager ======
2023-04-03 16:15:01,702 - WDM - INFO - ====== WebDriver manager ======
2023-04-03 16:15:01,702 - WDM - INFO - ====== WebDriver manager ======
2023-04-03 16:15:01,702 - WDM - INFO - ====== WebDriver manager ======
2023-04-03 16:15:01,729 - WDM - INFO - Get LATEST chromedriver version for google-chrome 110.0.5481
2023-04-03 16:15:01,729 - WDM - INFO - Get LATEST chromedriver version for google-chrome 110.0.5481
2023-04-03 16:15:01,729 - WDM - INFO - Get LATEST chromedriver version for google-chrome 110.0.5481
2023-04-03 16:15:01,729 - WDM - INFO - Get LATEST chromedriver version for google-chrome 110.0.5481
2023-04-03 16:15:02,025 - WDM - INFO - Driver [/home/team/.wdm/drivers/chromedriver/linux64/110.0.5481/chromedriver] found in cache
2023-04-03 16:15:02,025 - WDM - INFO - Driver [/home/team/.wdm/drivers/chromedriver/linux64/110.0.5481/chromedriver] found in cache
2023-04-03 16:15:02,025 - WDM - INFO - Driver [/home/team/.wdm/drivers/chromedriver/linux64/110.0.5481/chromedriver] found in cache
2023-04-03 16:15:02,025 - WDM - INFO - Driver [/home/team/.wdm/drivers/chromedriver/linux64/110.0.5481/chromedriver] found in cache
2023-04-03 16:15:02,781 - root - INFO - **********SearchCustomerByEmail**********
2023-04-03 16:15:02,781 - root - INFO - **********SearchCustomerByEmail**********
2023-04-03 16:15:02,781 - root - INFO - **********SearchCustomerByEmail**********
2023-04-03 16:15:02,781 - root - INFO - **********SearchCustomerByEmail**********
2023-04-03 16:15:08,018 - root - INFO - **********Login Successful**********
2023-04-03 16:15:08,018 - root - INFO - **********Login Successful**********
2023-04-03 16:15:08,018 - root - INFO - **********Login Successful**********
2023-04-03 16:15:08,018 - root - INFO - **********Login Successful**********
2023-04-03 16:15:08,019 - root - INFO - **********Starting search customer by email**********
2023-04-03 16:15:08,019 - root - INFO - **********Starting search customer by email**********
2023-04-03 16:15:08,019 - root - INFO - **********Starting search customer by email**********
2023-04-03 16:15:08,019 - root - INFO - **********Starting search customer by email**********
2023-04-03 16:15:10,077 - root - INFO - **********Seachig customer By Email Id**********
2023-04-03 16:15:10,077 - root - INFO - **********Seachig customer By Email Id**********
2023-04-03 16:15:10,077 - root - INFO - **********Seachig customer By Email Id**********
2023-04-03 16:15:10,077 - root - INFO - **********Seachig customer By Email Id**********
2023-04-03 16:15:15,378 - root - INFO - **********Test 004 SearchCustomer By Email Completed**********
2023-04-03 16:15:15,378 - root - INFO - **********Test 004 SearchCustomer By Email Completed**********
2023-04-03 16:15:15,378 - root - INFO - **********Test 004 SearchCustomer By Email Completed**********
2023-04-03 16:15:15,378 - root - INFO - **********Test 004 SearchCustomer By Email Completed**********
2023-04-03 16:15:15,382 - WDM - INFO - ====== WebDriver manager ======
2023-04-03 16:15:15,382 - WDM - INFO - ====== WebDriver manager ======
2023-04-03 16:15:15,382 - WDM - INFO - ====== WebDriver manager ======
2023-04-03 16:15:15,382 - WDM - INFO - ====== WebDriver manager ======
2023-04-03 16:15:15,414 - WDM - INFO - Get LATEST chromedriver version for google-chrome 110.0.5481
2023-04-03 16:15:15,414 - WDM - INFO - Get LATEST chromedriver version for google-chrome 110.0.5481
2023-04-03 16:15:15,414 - WDM - INFO - Get LATEST chromedriver version for google-chrome 110.0.5481
2023-04-03 16:15:15,414 - WDM - INFO - Get LATEST chromedriver version for google-chrome 110.0.5481
2023-04-03 16:15:15,611 - WDM - INFO - Driver [/home/team/.wdm/drivers/chromedriver/linux64/110.0.5481/chromedriver] found in cache
2023-04-03 16:15:15,611 - WDM - INFO - Driver [/home/team/.wdm/drivers/chromedriver/linux64/110.0.5481/chromedriver] found in cache
2023-04-03 16:15:15,611 - WDM - INFO - Driver [/home/team/.wdm/drivers/chromedriver/linux64/110.0.5481/chromedriver] found in cache
2023-04-03 16:15:15,611 - WDM - INFO - Driver [/home/team/.wdm/drivers/chromedriver/linux64/110.0.5481/chromedriver] found in cache
2023-04-03 16:15:16,394 - root - INFO - *******Test_003_Add_Customer********
2023-04-03 16:15:16,394 - root - INFO - *******Test_003_Add_Customer********
2023-04-03 16:15:16,394 - root - INFO - *******Test_003_Add_Customer********
2023-04-03 16:15:16,394 - root - INFO - *******Test_003_Add_Customer********
2023-04-03 16:15:21,502 - root - INFO - ********Login Successful**********
2023-04-03 16:15:21,502 - root - INFO - ********Login Successful**********
2023-04-03 16:15:21,502 - root - INFO - ********Login Successful**********
2023-04-03 16:15:21,502 - root - INFO - ********Login Successful**********
2023-04-03 16:15:21,502 - root - INFO - ********Starting Add Customer Test*********
2023-04-03 16:15:21,502 - root - INFO - ********Starting Add Customer Test*********
2023-04-03 16:15:21,502 - root - INFO - ********Starting Add Customer Test*********
2023-04-03 16:15:21,502 - root - INFO - ********Starting Add Customer Test*********
2023-04-03 16:15:23,685 - root - INFO - *********Providing Customer Info*********
2023-04-03 16:15:23,685 - root - INFO - *********Providing Customer Info*********
2023-04-03 16:15:23,685 - root - INFO - *********Providing Customer Info*********
2023-04-03 16:15:23,685 - root - INFO - *********Providing Customer Info*********
2023-04-03 16:15:25,418 - root - INFO - *******Saving Customer Info********
2023-04-03 16:15:25,418 - root - INFO - *******Saving Customer Info********
2023-04-03 16:15:25,418 - root - INFO - *******Saving Customer Info********
2023-04-03 16:15:25,418 - root - INFO - *******Saving Customer Info********
2023-04-03 16:15:25,418 - root - INFO - *******Add Customer Validation Started********
2023-04-03 16:15:25,418 - root - INFO - *******Add Customer Validation Started********
2023-04-03 16:15:25,418 - root - INFO - *******Add Customer Validation Started********
2023-04-03 16:15:25,418 - root - INFO - *******Add Customer Validation Started********
2023-04-03 16:15:25,563 - root - INFO - ******Add Customer Passed******
2023-04-03 16:15:25,563 - root - INFO - ******Add Customer Passed******
2023-04-03 16:15:25,563 - root - INFO - ******Add Customer Passed******
2023-04-03 16:15:25,563 - root - INFO - ******Add Customer Passed******
2023-04-03 16:15:25,668 - root - INFO - *******Ending Test_003_Add_Customer Test*********
2023-04-03 16:15:25,668 - root - INFO - *******Ending Test_003_Add_Customer Test*********
2023-04-03 16:15:25,668 - root - INFO - *******Ending Test_003_Add_Customer Test*********
2023-04-03 16:15:25,668 - root - INFO - *******Ending Test_003_Add_Customer Test*********
2023-04-03 16:15:25,673 - WDM - INFO - ====== WebDriver manager ======
2023-04-03 16:15:25,673 - WDM - INFO - ====== WebDriver manager ======
2023-04-03 16:15:25,673 - WDM - INFO - ====== WebDriver manager ======
2023-04-03 16:15:25,673 - WDM - INFO - ====== WebDriver manager ======
2023-04-03 16:15:25,712 - WDM - INFO - Get LATEST chromedriver version for google-chrome 110.0.5481
2023-04-03 16:15:25,712 - WDM - INFO - Get LATEST chromedriver version for google-chrome 110.0.5481
2023-04-03 16:15:25,712 - WDM - INFO - Get LATEST chromedriver version for google-chrome 110.0.5481
2023-04-03 16:15:25,712 - WDM - INFO - Get LATEST chromedriver version for google-chrome 110.0.5481
2023-04-03 16:15:25,877 - WDM - INFO - Driver [/home/team/.wdm/drivers/chromedriver/linux64/110.0.5481/chromedriver] found in cache
2023-04-03 16:15:25,877 - WDM - INFO - Driver [/home/team/.wdm/drivers/chromedriver/linux64/110.0.5481/chromedriver] found in cache
2023-04-03 16:15:25,877 - WDM - INFO - Driver [/home/team/.wdm/drivers/chromedriver/linux64/110.0.5481/chromedriver] found in cache
2023-04-03 16:15:25,877 - WDM - INFO - Driver [/home/team/.wdm/drivers/chromedriver/linux64/110.0.5481/chromedriver] found in cache
2023-04-03 16:15:26,622 - root - INFO - ******************Test_001_Login****************
2023-04-03 16:15:26,622 - root - INFO - ******************Test_001_Login****************
2023-04-03 16:15:26,622 - root - INFO - ******************Test_001_Login****************
2023-04-03 16:15:26,622 - root - INFO - ******************Test_001_Login****************
2023-04-03 16:15:26,622 - root - INFO - ******************Verifying Home Page Title****************
2023-04-03 16:15:26,622 - root - INFO - ******************Verifying Home Page Title****************
2023-04-03 16:15:26,622 - root - INFO - ******************Verifying Home Page Title****************
2023-04-03 16:15:26,622 - root - INFO - ******************Verifying Home Page Title****************
2023-04-03 16:15:28,337 - root - INFO - *****************Home Page title test is passed****************
2023-04-03 16:15:28,337 - root - INFO - *****************Home Page title test is passed****************
2023-04-03 16:15:28,337 - root - INFO - *****************Home Page title test is passed****************
2023-04-03 16:15:28,337 - root - INFO - *****************Home Page title test is passed****************
2023-04-03 16:15:28,340 - WDM - INFO - ====== WebDriver manager ======
2023-04-03 16:15:28,340 - WDM - INFO - ====== WebDriver manager ======
2023-04-03 16:15:28,340 - WDM - INFO - ====== WebDriver manager ======
2023-04-03 16:15:28,340 - WDM - INFO - ====== WebDriver manager ======
2023-04-03 16:15:28,387 - WDM - INFO - Get LATEST chromedriver version for google-chrome 110.0.5481
2023-04-03 16:15:28,387 - WDM - INFO - Get LATEST chromedriver version for google-chrome 110.0.5481
2023-04-03 16:15:28,387 - WDM - INFO - Get LATEST chromedriver version for google-chrome 110.0.5481
2023-04-03 16:15:28,387 - WDM - INFO - Get LATEST chromedriver version for google-chrome 110.0.5481
2023-04-03 16:15:28,532 - WDM - INFO - Driver [/home/team/.wdm/drivers/chromedriver/linux64/110.0.5481/chromedriver] found in cache
2023-04-03 16:15:28,532 - WDM - INFO - Driver [/home/team/.wdm/drivers/chromedriver/linux64/110.0.5481/chromedriver] found in cache
2023-04-03 16:15:28,532 - WDM - INFO - Driver [/home/team/.wdm/drivers/chromedriver/linux64/110.0.5481/chromedriver] found in cache
2023-04-03 16:15:28,532 - WDM - INFO - Driver [/home/team/.wdm/drivers/chromedriver/linux64/110.0.5481/chromedriver] found in cache
2023-04-03 16:15:29,301 - root - INFO - ****************Login Test started****************
2023-04-03 16:15:29,301 - root - INFO - ****************Login Test started****************
2023-04-03 16:15:29,301 - root - INFO - ****************Login Test started****************
2023-04-03 16:15:29,301 - root - INFO - ****************Login Test started****************
2023-04-03 16:15:34,196 - root - INFO - ******************Login Test Passed****************
2023-04-03 16:15:34,196 - root - INFO - ******************Login Test Passed****************
2023-04-03 16:15:34,196 - root - INFO - ******************Login Test Passed****************
2023-04-03 16:15:34,196 - root - INFO - ******************Login Test Passed****************
2023-04-03 16:15:34,200 - WDM - INFO - ====== WebDriver manager ======
2023-04-03 16:15:34,200 - WDM - INFO - ====== WebDriver manager ======
2023-04-03 16:15:34,200 - WDM - INFO - ====== WebDriver manager ======
2023-04-03 16:15:34,200 - WDM - INFO - ====== WebDriver manager ======
2023-04-03 16:15:34,245 - WDM - INFO - Get LATEST chromedriver version for google-chrome 110.0.5481
2023-04-03 16:15:34,245 - WDM - INFO - Get LATEST chromedriver version for google-chrome 110.0.5481
2023-04-03 16:15:34,245 - WDM - INFO - Get LATEST chromedriver version for google-chrome 110.0.5481
2023-04-03 16:15:34,245 - WDM - INFO - Get LATEST chromedriver version for google-chrome 110.0.5481
2023-04-03 16:15:34,418 - WDM - INFO - Driver [/home/team/.wdm/drivers/chromedriver/linux64/110.0.5481/chromedriver] found in cache
2023-04-03 16:15:34,418 - WDM - INFO - Driver [/home/team/.wdm/drivers/chromedriver/linux64/110.0.5481/chromedriver] found in cache
2023-04-03 16:15:34,418 - WDM - INFO - Driver [/home/team/.wdm/drivers/chromedriver/linux64/110.0.5481/chromedriver] found in cache
2023-04-03 16:15:34,418 - WDM - INFO - Driver [/home/team/.wdm/drivers/chromedriver/linux64/110.0.5481/chromedriver] found in cache
2023-04-03 16:15:35,191 - root - INFO - ****************Test 002 DDT Login
2023-04-03 16:15:35,191 - root - INFO - ****************Test 002 DDT Login
2023-04-03 16:15:35,191 - root - INFO - ****************Test 002 DDT Login
2023-04-03 16:15:35,191 - root - INFO - ****************Test 002 DDT Login
2023-04-03 16:15:35,191 - root - INFO - ****************Login Test started****************
2023-04-03 16:15:35,191 - root - INFO - ****************Login Test started****************
2023-04-03 16:15:35,191 - root - INFO - ****************Login Test started****************
2023-04-03 16:15:35,191 - root - INFO - ****************Login Test started****************
2023-04-03 16:15:44,371 - root - INFO - *****Passed******
2023-04-03 16:15:44,371 - root - INFO - *****Passed******
2023-04-03 16:15:44,371 - root - INFO - *****Passed******
2023-04-03 16:15:44,371 - root - INFO - *****Passed******
2023-04-03 16:15:51,670 - root - INFO - ******Passed******
2023-04-03 16:15:51,670 - root - INFO - ******Passed******
2023-04-03 16:15:51,670 - root - INFO - ******Passed******
2023-04-03 16:15:51,670 - root - INFO - ******Passed******
2023-04-03 16:15:57,249 - root - INFO - ******Passed******
2023-04-03 16:15:57,249 - root - INFO - ******Passed******
2023-04-03 16:15:57,249 - root - INFO - ******Passed******
2023-04-03 16:15:57,249 - root - INFO - ******Passed******
2023-04-03 16:16:02,816 - root - INFO - ******Passed******
2023-04-03 16:16:02,816 - root - INFO - ******Passed******
2023-04-03 16:16:02,816 - root - INFO - ******Passed******
2023-04-03 16:16:02,816 - root - INFO - ******Passed******
2023-04-03 16:16:02,817 - root - INFO - Login DDT test passed
2023-04-03 16:16:02,817 - root - INFO - Login DDT test passed
2023-04-03 16:16:02,817 - root - INFO - Login DDT test passed
2023-04-03 16:16:02,817 - root - INFO - Login DDT test passed
2023-04-03 16:16:02,926 - root - INFO - *********End of login DDT*******
2023-04-03 16:16:02,926 - root - INFO - *********End of login DDT*******
2023-04-03 16:16:02,926 - root - INFO - *********End of login DDT*******
2023-04-03 16:16:02,926 - root - INFO - *********End of login DDT*******
2023-04-03 16:16:02,926 - root - INFO - *********Completed TClogin002 DDT*******
2023-04-03 16:16:02,926 - root - INFO - *********Completed TClogin002 DDT*******
2023-04-03 16:16:02,926 - root - INFO - *********Completed TClogin002 DDT*******
2023-04-03 16:16:02,926 - root - INFO - *********Completed TClogin002 DDT*******
